<?xml version="1.0" encoding="UTF-8"?>
<coverage generated="1570478092789" clover="3.2.0">
  <project timestamp="1570478092789" name="All files">
    <metrics statements="32" coveredstatements="32" conditionals="2" coveredconditionals="2" methods="3" coveredmethods="3" elements="37" coveredelements="37" complexity="0" loc="32" ncloc="32" packages="1" files="3" classes="3"/>
    <file name="getClient.js" path="/Users/mbella/Desktop/CODING/Node/GraphQL/GraphQL/graphql-prisma/tests/utils/getClient.js">
      <metrics statements="4" coveredstatements="4" conditionals="2" coveredconditionals="2" methods="2" coveredmethods="2"/>
      <line num="3" count="3" type="stmt"/>
      <line num="4" count="10" type="stmt"/>
      <line num="8" count="12" type="cond" truecount="2" falsecount="0"/>
      <line num="9" count="7" type="stmt"/>
    </file>
    <file name="operations.js" path="/Users/mbella/Desktop/CODING/Node/GraphQL/GraphQL/graphql-prisma/tests/utils/operations.js">
      <metrics statements="10" coveredstatements="10" conditionals="0" coveredconditionals="0" methods="0" coveredmethods="0"/>
      <line num="8" count="3" type="stmt"/>
      <line num="24" count="3" type="stmt"/>
      <line num="35" count="3" type="stmt"/>
      <line num="45" count="3" type="stmt"/>
      <line num="56" count="3" type="stmt"/>
      <line num="67" count="3" type="stmt"/>
      <line num="78" count="3" type="stmt"/>
      <line num="92" count="3" type="stmt"/>
      <line num="105" count="3" type="stmt"/>
      <line num="119" count="3" type="stmt"/>
    </file>
    <file name="seeds.js" path="/Users/mbella/Desktop/CODING/Node/GraphQL/GraphQL/graphql-prisma/tests/utils/seeds.js">
      <metrics statements="18" coveredstatements="18" conditionals="0" coveredconditionals="0" methods="1" coveredmethods="1"/>
      <line num="5" count="3" type="stmt"/>
      <line num="15" count="3" type="stmt"/>
      <line num="25" count="3" type="stmt"/>
      <line num="34" count="3" type="stmt"/>
      <line num="43" count="3" type="stmt"/>
      <line num="50" count="3" type="stmt"/>
      <line num="57" count="3" type="stmt"/>
      <line num="58" count="12" type="stmt"/>
      <line num="59" count="12" type="stmt"/>
      <line num="60" count="12" type="stmt"/>
      <line num="63" count="12" type="stmt"/>
      <line num="66" count="12" type="stmt"/>
      <line num="71" count="12" type="stmt"/>
      <line num="74" count="12" type="stmt"/>
      <line num="79" count="12" type="stmt"/>
      <line num="91" count="12" type="stmt"/>
      <line num="103" count="12" type="stmt"/>
      <line num="120" count="12" type="stmt"/>
    </file>
  </project>
</coverage>
