{"/Users/mbella/Desktop/CODING/Node/GraphQL/GraphQL/graphql-prisma/tests/utils/getClient.js": {"path":"/Users/mbella/Desktop/CODING/Node/GraphQL/GraphQL/graphql-prisma/tests/utils/getClient.js","statementMap":{"0":{"start":{"line":3,"column":18},"end":{"line":17,"column":1}},"1":{"start":{"line":4,"column":4},"end":{"line":16,"column":7}},"2":{"start":{"line":8,"column":12},"end":{"line":14,"column":13}},"3":{"start":{"line":9,"column":16},"end":{"line":13,"column":18}}},"fnMap":{"0":{"name":"(anonymous_0)","decl":{"start":{"line":3,"column":18},"end":{"line":3,"column":19}},"loc":{"start":{"line":3,"column":27},"end":{"line":17,"column":1}},"line":3},"1":{"name":"(anonymous_1)","decl":{"start":{"line":6,"column":8},"end":{"line":6,"column":9}},"loc":{"start":{"line":6,"column":27},"end":{"line":15,"column":9}},"line":6}},"branchMap":{"0":{"loc":{"start":{"line":8,"column":12},"end":{"line":14,"column":13}},"type":"if","locations":[{"start":{"line":8,"column":12},"end":{"line":14,"column":13}},{"start":{"line":8,"column":12},"end":{"line":14,"column":13}}],"line":8}},"s":{"0":3,"1":10,"2":12,"3":7},"f":{"0":10,"1":12},"b":{"0":[7,5]},"_coverageSchema":"43e27e138ebf9cfc5966b082cf9a028302ed4184","hash":"5ec4e75b81d42f5c730ef07f29204fc7b8448474"}
,"/Users/mbella/Desktop/CODING/Node/GraphQL/GraphQL/graphql-prisma/tests/utils/operations.js": {"path":"/Users/mbella/Desktop/CODING/Node/GraphQL/GraphQL/graphql-prisma/tests/utils/operations.js","statementMap":{"0":{"start":{"line":8,"column":20},"end":{"line":21,"column":1}},"1":{"start":{"line":24,"column":18},"end":{"line":32,"column":1}},"2":{"start":{"line":35,"column":14},"end":{"line":43,"column":1}},"3":{"start":{"line":45,"column":20},"end":{"line":53,"column":1}},"4":{"start":{"line":56,"column":18},"end":{"line":65,"column":1}},"5":{"start":{"line":67,"column":21},"end":{"line":76,"column":1}},"6":{"start":{"line":78,"column":20},"end":{"line":90,"column":1}},"7":{"start":{"line":92,"column":20},"end":{"line":103,"column":1}},"8":{"start":{"line":105,"column":20},"end":{"line":116,"column":1}},"9":{"start":{"line":119,"column":23},"end":{"line":128,"column":1}}},"fnMap":{},"branchMap":{},"s":{"0":3,"1":3,"2":3,"3":3,"4":3,"5":3,"6":3,"7":3,"8":3,"9":3},"f":{},"b":{},"_coverageSchema":"43e27e138ebf9cfc5966b082cf9a028302ed4184","hash":"310a8ddad120cf83f7d321735d75adb3cde9dc57"}
,"/Users/mbella/Desktop/CODING/Node/GraphQL/GraphQL/graphql-prisma/tests/utils/seeds.js": {"path":"/Users/mbella/Desktop/CODING/Node/GraphQL/GraphQL/graphql-prisma/tests/utils/seeds.js","statementMap":{"0":{"start":{"line":5,"column":16},"end":{"line":13,"column":1}},"1":{"start":{"line":15,"column":16},"end":{"line":23,"column":1}},"2":{"start":{"line":25,"column":16},"end":{"line":32,"column":1}},"3":{"start":{"line":34,"column":16},"end":{"line":41,"column":1}},"4":{"start":{"line":43,"column":19},"end":{"line":48,"column":1}},"5":{"start":{"line":50,"column":19},"end":{"line":55,"column":1}},"6":{"start":{"line":57,"column":14},"end":{"line":136,"column":1}},"7":{"start":{"line":58,"column":4},"end":{"line":58,"column":44}},"8":{"start":{"line":59,"column":4},"end":{"line":59,"column":44}},"9":{"start":{"line":60,"column":4},"end":{"line":60,"column":47}},"10":{"start":{"line":63,"column":4},"end":{"line":65,"column":6}},"11":{"start":{"line":66,"column":4},"end":{"line":68,"column":30}},"12":{"start":{"line":71,"column":4},"end":{"line":73,"column":6}},"13":{"start":{"line":74,"column":4},"end":{"line":76,"column":30}},"14":{"start":{"line":79,"column":4},"end":{"line":88,"column":6}},"15":{"start":{"line":91,"column":4},"end":{"line":100,"column":6}},"16":{"start":{"line":103,"column":4},"end":{"line":117,"column":6}},"17":{"start":{"line":120,"column":4},"end":{"line":134,"column":6}}},"fnMap":{"0":{"name":"(anonymous_0)","decl":{"start":{"line":57,"column":14},"end":{"line":57,"column":15}},"loc":{"start":{"line":57,"column":26},"end":{"line":136,"column":1}},"line":57}},"branchMap":{},"s":{"0":3,"1":3,"2":3,"3":3,"4":3,"5":3,"6":3,"7":12,"8":12,"9":12,"10":12,"11":12,"12":12,"13":12,"14":12,"15":12,"16":12,"17":12},"f":{"0":12},"b":{},"_coverageSchema":"43e27e138ebf9cfc5966b082cf9a028302ed4184","hash":"de7982ad08e7966b628a974383986d41428a30f2"}
}
