TN:
SF:/Users/mbella/Desktop/CODING/Node/GraphQL/GraphQL/graphql-prisma/tests/utils/getClient.js
FN:3,(anonymous_0)
FN:6,(anonymous_1)
FNF:2
FNH:2
FNDA:10,(anonymous_0)
FNDA:12,(anonymous_1)
DA:3,3
DA:4,10
DA:8,12
DA:9,7
LF:4
LH:4
BRDA:8,0,0,7
BRDA:8,0,1,5
BRF:2
BRH:2
end_of_record
TN:
SF:/Users/mbella/Desktop/CODING/Node/GraphQL/GraphQL/graphql-prisma/tests/utils/operations.js
FNF:0
FNH:0
DA:8,3
DA:24,3
DA:35,3
DA:45,3
DA:56,3
DA:67,3
DA:78,3
DA:92,3
DA:105,3
DA:119,3
LF:10
LH:10
BRF:0
BRH:0
end_of_record
TN:
SF:/Users/mbella/Desktop/CODING/Node/GraphQL/GraphQL/graphql-prisma/tests/utils/seeds.js
FN:57,(anonymous_0)
FNF:1
FNH:1
FNDA:12,(anonymous_0)
DA:5,3
DA:15,3
DA:25,3
DA:34,3
DA:43,3
DA:50,3
DA:57,3
DA:58,12
DA:59,12
DA:60,12
DA:63,12
DA:66,12
DA:71,12
DA:74,12
DA:79,12
DA:91,12
DA:103,12
DA:120,12
LF:18
LH:18
BRF:0
BRH:0
end_of_record
